16-Sep-2025 15:14:27.349 INFO [main] org.apache.catalina.startup.VersionLoggerListener.log Server version name:   Apache Tomcat/10.1.44
16-Sep-2025 15:14:27.382 INFO [main] org.apache.catalina.startup.VersionLoggerListener.log Server built:          Aug 4 2025 13:14:17 UTC
16-Sep-2025 15:14:27.383 INFO [main] org.apache.catalina.startup.VersionLoggerListener.log Server version number: 10.1.44.0
16-Sep-2025 15:14:27.388 INFO [main] org.apache.catalina.startup.VersionLoggerListener.log OS Name:               Linux
16-Sep-2025 15:14:27.388 INFO [main] org.apache.catalina.startup.VersionLoggerListener.log OS Version:            6.8.0-79-generic
16-Sep-2025 15:14:27.388 INFO [main] org.apache.catalina.startup.VersionLoggerListener.log Architecture:          amd64
16-Sep-2025 15:14:27.389 INFO [main] org.apache.catalina.startup.VersionLoggerListener.log Java Home:             /home/dell/Aigital/sapmachine-jdk-17.0.11_linux-x64_bin/sapmachine-jdk-17.0.11
16-Sep-2025 15:14:27.391 INFO [main] org.apache.catalina.startup.VersionLoggerListener.log JVM Version:           17.0.11+9-LTS
16-Sep-2025 15:14:27.394 INFO [main] org.apache.catalina.startup.VersionLoggerListener.log JVM Vendor:            SAP SE
16-Sep-2025 15:14:27.395 INFO [main] org.apache.catalina.startup.VersionLoggerListener.log CATALINA_BASE:         /home/dell/Desktop/apache-tomcat-10.1.44
16-Sep-2025 15:14:27.395 INFO [main] org.apache.catalina.startup.VersionLoggerListener.log CATALINA_HOME:         /home/dell/Desktop/apache-tomcat-10.1.44
16-Sep-2025 15:14:27.465 INFO [main] org.apache.catalina.startup.VersionLoggerListener.log Command line argument: -Djava.util.logging.config.file=/home/dell/Desktop/apache-tomcat-10.1.44/conf/logging.properties
16-Sep-2025 15:14:27.466 INFO [main] org.apache.catalina.startup.VersionLoggerListener.log Command line argument: -Djava.util.logging.manager=org.apache.juli.ClassLoaderLogManager
16-Sep-2025 15:14:27.467 INFO [main] org.apache.catalina.startup.VersionLoggerListener.log Command line argument: -Djdk.tls.ephemeralDHKeySize=2048
16-Sep-2025 15:14:27.467 INFO [main] org.apache.catalina.startup.VersionLoggerListener.log Command line argument: -Djava.protocol.handler.pkgs=org.apache.catalina.webresources
16-Sep-2025 15:14:27.473 INFO [main] org.apache.catalina.startup.VersionLoggerListener.log Command line argument: -Dsun.io.useCanonCaches=false
16-Sep-2025 15:14:27.477 INFO [main] org.apache.catalina.startup.VersionLoggerListener.log Command line argument: -Dorg.apache.catalina.security.SecurityListener.UMASK=0027
16-Sep-2025 15:14:27.478 INFO [main] org.apache.catalina.startup.VersionLoggerListener.log Command line argument: --add-opens=java.base/java.lang=ALL-UNNAMED
16-Sep-2025 15:14:27.478 INFO [main] org.apache.catalina.startup.VersionLoggerListener.log Command line argument: --add-opens=java.base/java.lang.reflect=ALL-UNNAMED
16-Sep-2025 15:14:27.479 INFO [main] org.apache.catalina.startup.VersionLoggerListener.log Command line argument: --add-opens=java.base/java.io=ALL-UNNAMED
16-Sep-2025 15:14:27.479 INFO [main] org.apache.catalina.startup.VersionLoggerListener.log Command line argument: --add-opens=java.base/java.util=ALL-UNNAMED
16-Sep-2025 15:14:27.479 INFO [main] org.apache.catalina.startup.VersionLoggerListener.log Command line argument: --add-opens=java.base/java.util.concurrent=ALL-UNNAMED
16-Sep-2025 15:14:27.480 INFO [main] org.apache.catalina.startup.VersionLoggerListener.log Command line argument: --add-opens=java.rmi/sun.rmi.transport=ALL-UNNAMED
16-Sep-2025 15:14:27.480 INFO [main] org.apache.catalina.startup.VersionLoggerListener.log Command line argument: -Dcatalina.base=/home/dell/Desktop/apache-tomcat-10.1.44
16-Sep-2025 15:14:27.482 INFO [main] org.apache.catalina.startup.VersionLoggerListener.log Command line argument: -Dcatalina.home=/home/dell/Desktop/apache-tomcat-10.1.44
16-Sep-2025 15:14:27.483 INFO [main] org.apache.catalina.startup.VersionLoggerListener.log Command line argument: -Djava.io.tmpdir=/home/dell/Desktop/apache-tomcat-10.1.44/temp
16-Sep-2025 15:14:27.494 INFO [main] org.apache.catalina.core.AprLifecycleListener.lifecycleEvent The Apache Tomcat Native library which allows using OpenSSL was not found on the java.library.path: [/usr/java/packages/lib:/usr/lib64:/lib64:/lib:/usr/lib]
16-Sep-2025 15:14:28.440 INFO [main] org.apache.coyote.AbstractProtocol.init Initializing ProtocolHandler ["http-nio-8080"]
16-Sep-2025 15:14:28.630 INFO [main] org.apache.catalina.startup.Catalina.load Server initialization in [1867] milliseconds
16-Sep-2025 15:14:28.822 INFO [main] org.apache.catalina.core.StandardService.startInternal Starting service [Catalina]
16-Sep-2025 15:14:28.823 INFO [main] org.apache.catalina.core.StandardEngine.startInternal Starting Servlet engine: [Apache Tomcat/10.1.44]
16-Sep-2025 15:14:28.849 INFO [main] org.apache.catalina.startup.HostConfig.deployDirectory Deploying web application directory [/home/dell/Desktop/apache-tomcat-10.1.44/webapps/docs]
16-Sep-2025 15:14:30.005 INFO [main] org.apache.catalina.startup.HostConfig.deployDirectory Deployment of web application directory [/home/dell/Desktop/apache-tomcat-10.1.44/webapps/docs] has finished in [1,154] ms
16-Sep-2025 15:14:30.006 INFO [main] org.apache.catalina.startup.HostConfig.deployDirectory Deploying web application directory [/home/dell/Desktop/apache-tomcat-10.1.44/webapps/host-manager]
16-Sep-2025 15:14:30.185 INFO [main] org.apache.catalina.startup.HostConfig.deployDirectory Deployment of web application directory [/home/dell/Desktop/apache-tomcat-10.1.44/webapps/host-manager] has finished in [178] ms
16-Sep-2025 15:14:30.186 INFO [main] org.apache.catalina.startup.HostConfig.deployDirectory Deploying web application directory [/home/dell/Desktop/apache-tomcat-10.1.44/webapps/manager]
16-Sep-2025 15:14:30.281 INFO [main] org.apache.catalina.startup.HostConfig.deployDirectory Deployment of web application directory [/home/dell/Desktop/apache-tomcat-10.1.44/webapps/manager] has finished in [94] ms
16-Sep-2025 15:14:30.282 INFO [main] org.apache.catalina.startup.HostConfig.deployDirectory Deploying web application directory [/home/dell/Desktop/apache-tomcat-10.1.44/webapps/fmt-demo]
16-Sep-2025 15:14:32.633 INFO [main] org.apache.jasper.servlet.TldScanner.scanJars At least one JAR was scanned for TLDs yet contained no TLDs. Enable debug logging for this logger for a complete list of JARs that were scanned but no TLDs were found in them. Skipping unneeded JARs during scanning can improve startup time and JSP compilation time.
16-Sep-2025 15:14:32.773 INFO [main] org.apache.catalina.startup.HostConfig.deployDirectory Deployment of web application directory [/home/dell/Desktop/apache-tomcat-10.1.44/webapps/fmt-demo] has finished in [2,488] ms
16-Sep-2025 15:14:32.774 INFO [main] org.apache.catalina.startup.HostConfig.deployDirectory Deploying web application directory [/home/dell/Desktop/apache-tomcat-10.1.44/webapps/my-app]
16-Sep-2025 15:14:33.001 INFO [main] org.apache.catalina.startup.HostConfig.deployDirectory Deployment of web application directory [/home/dell/Desktop/apache-tomcat-10.1.44/webapps/my-app] has finished in [227] ms
16-Sep-2025 15:14:33.006 INFO [main] org.apache.catalina.startup.HostConfig.deployDirectory Deploying web application directory [/home/dell/Desktop/apache-tomcat-10.1.44/webapps/ROOT]
16-Sep-2025 15:14:33.129 INFO [main] org.apache.catalina.startup.HostConfig.deployDirectory Deployment of web application directory [/home/dell/Desktop/apache-tomcat-10.1.44/webapps/ROOT] has finished in [123] ms
16-Sep-2025 15:14:33.130 INFO [main] org.apache.catalina.startup.HostConfig.deployDirectory Deploying web application directory [/home/dell/Desktop/apache-tomcat-10.1.44/webapps/examples]
16-Sep-2025 15:14:33.982 INFO [main] org.apache.catalina.startup.HostConfig.deployDirectory Deployment of web application directory [/home/dell/Desktop/apache-tomcat-10.1.44/webapps/examples] has finished in [851] ms
16-Sep-2025 15:14:33.982 INFO [main] org.apache.catalina.startup.HostConfig.deployDirectory Deploying web application directory [/home/dell/Desktop/apache-tomcat-10.1.44/webapps/assets]
16-Sep-2025 15:14:34.019 INFO [main] org.apache.catalina.startup.HostConfig.deployDirectory Deployment of web application directory [/home/dell/Desktop/apache-tomcat-10.1.44/webapps/assets] has finished in [37] ms
16-Sep-2025 15:14:34.039 INFO [main] org.apache.coyote.AbstractProtocol.start Starting ProtocolHandler ["http-nio-8080"]
16-Sep-2025 15:14:34.106 INFO [main] org.apache.catalina.startup.Catalina.start Server startup in [5474] milliseconds
16-Sep-2025 16:29:18.414 INFO [main] org.apache.catalina.startup.VersionLoggerListener.log Server version name:   Apache Tomcat/10.1.44
16-Sep-2025 16:29:18.431 INFO [main] org.apache.catalina.startup.VersionLoggerListener.log Server built:          Aug 4 2025 13:14:17 UTC
16-Sep-2025 16:29:18.431 INFO [main] org.apache.catalina.startup.VersionLoggerListener.log Server version number: 10.1.44.0
16-Sep-2025 16:29:18.432 INFO [main] org.apache.catalina.startup.VersionLoggerListener.log OS Name:               Linux
16-Sep-2025 16:29:18.432 INFO [main] org.apache.catalina.startup.VersionLoggerListener.log OS Version:            6.8.0-79-generic
16-Sep-2025 16:29:18.433 INFO [main] org.apache.catalina.startup.VersionLoggerListener.log Architecture:          amd64
16-Sep-2025 16:29:18.433 INFO [main] org.apache.catalina.startup.VersionLoggerListener.log Java Home:             /home/dell/Aigital/sapmachine-jdk-17.0.11_linux-x64_bin/sapmachine-jdk-17.0.11
16-Sep-2025 16:29:18.434 INFO [main] org.apache.catalina.startup.VersionLoggerListener.log JVM Version:           17.0.11+9-LTS
16-Sep-2025 16:29:18.434 INFO [main] org.apache.catalina.startup.VersionLoggerListener.log JVM Vendor:            SAP SE
16-Sep-2025 16:29:18.437 INFO [main] org.apache.catalina.startup.VersionLoggerListener.log CATALINA_BASE:         /home/dell/Desktop/apache-tomcat-10.1.44
16-Sep-2025 16:29:18.438 INFO [main] org.apache.catalina.startup.VersionLoggerListener.log CATALINA_HOME:         /home/dell/Desktop/apache-tomcat-10.1.44
16-Sep-2025 16:29:18.459 INFO [main] org.apache.catalina.startup.VersionLoggerListener.log Command line argument: -Djava.util.logging.config.file=/home/dell/Desktop/apache-tomcat-10.1.44/conf/logging.properties
16-Sep-2025 16:29:18.459 INFO [main] org.apache.catalina.startup.VersionLoggerListener.log Command line argument: -Djava.util.logging.manager=org.apache.juli.ClassLoaderLogManager
16-Sep-2025 16:29:18.460 INFO [main] org.apache.catalina.startup.VersionLoggerListener.log Command line argument: -Djdk.tls.ephemeralDHKeySize=2048
16-Sep-2025 16:29:18.460 INFO [main] org.apache.catalina.startup.VersionLoggerListener.log Command line argument: -Djava.protocol.handler.pkgs=org.apache.catalina.webresources
16-Sep-2025 16:29:18.460 INFO [main] org.apache.catalina.startup.VersionLoggerListener.log Command line argument: -Dsun.io.useCanonCaches=false
16-Sep-2025 16:29:18.461 INFO [main] org.apache.catalina.startup.VersionLoggerListener.log Command line argument: -Dorg.apache.catalina.security.SecurityListener.UMASK=0027
16-Sep-2025 16:29:18.462 INFO [main] org.apache.catalina.startup.VersionLoggerListener.log Command line argument: --add-opens=java.base/java.lang=ALL-UNNAMED
16-Sep-2025 16:29:18.463 INFO [main] org.apache.catalina.startup.VersionLoggerListener.log Command line argument: --add-opens=java.base/java.lang.reflect=ALL-UNNAMED
16-Sep-2025 16:29:18.463 INFO [main] org.apache.catalina.startup.VersionLoggerListener.log Command line argument: --add-opens=java.base/java.io=ALL-UNNAMED
16-Sep-2025 16:29:18.463 INFO [main] org.apache.catalina.startup.VersionLoggerListener.log Command line argument: --add-opens=java.base/java.util=ALL-UNNAMED
16-Sep-2025 16:29:18.464 INFO [main] org.apache.catalina.startup.VersionLoggerListener.log Command line argument: --add-opens=java.base/java.util.concurrent=ALL-UNNAMED
16-Sep-2025 16:29:18.464 INFO [main] org.apache.catalina.startup.VersionLoggerListener.log Command line argument: --add-opens=java.rmi/sun.rmi.transport=ALL-UNNAMED
16-Sep-2025 16:29:18.465 INFO [main] org.apache.catalina.startup.VersionLoggerListener.log Command line argument: -Dcatalina.base=/home/dell/Desktop/apache-tomcat-10.1.44
16-Sep-2025 16:29:18.465 INFO [main] org.apache.catalina.startup.VersionLoggerListener.log Command line argument: -Dcatalina.home=/home/dell/Desktop/apache-tomcat-10.1.44
16-Sep-2025 16:29:18.466 INFO [main] org.apache.catalina.startup.VersionLoggerListener.log Command line argument: -Djava.io.tmpdir=/home/dell/Desktop/apache-tomcat-10.1.44/temp
16-Sep-2025 16:29:18.470 INFO [main] org.apache.catalina.core.AprLifecycleListener.lifecycleEvent The Apache Tomcat Native library which allows using OpenSSL was not found on the java.library.path: [/usr/java/packages/lib:/usr/lib64:/lib64:/lib:/usr/lib]
16-Sep-2025 16:29:19.200 INFO [main] org.apache.coyote.AbstractProtocol.init Initializing ProtocolHandler ["http-nio-8080"]
16-Sep-2025 16:29:19.251 SEVERE [main] org.apache.catalina.util.LifecycleBase.handleSubClassException Failed to initialize component [Connector["http-nio-8080"]]
	org.apache.catalina.LifecycleException: Protocol handler initialization failed
		at org.apache.catalina.connector.Connector.initInternal(Connector.java:1075)
		at org.apache.catalina.util.LifecycleBase.init(LifecycleBase.java:122)
		at org.apache.catalina.core.StandardService.initInternal(StandardService.java:522)
		at org.apache.catalina.util.LifecycleBase.init(LifecycleBase.java:122)
		at org.apache.catalina.core.StandardServer.initInternal(StandardServer.java:957)
		at org.apache.catalina.util.LifecycleBase.init(LifecycleBase.java:122)
		at org.apache.catalina.startup.Catalina.load(Catalina.java:712)
		at org.apache.catalina.startup.Catalina.load(Catalina.java:735)
		at java.base/jdk.internal.reflect.NativeMethodAccessorImpl.invoke0(Native Method)
		at java.base/jdk.internal.reflect.NativeMethodAccessorImpl.invoke(NativeMethodAccessorImpl.java:77)
		at java.base/jdk.internal.reflect.DelegatingMethodAccessorImpl.invoke(DelegatingMethodAccessorImpl.java:43)
		at java.base/java.lang.reflect.Method.invoke(Method.java:568)
		at org.apache.catalina.startup.Bootstrap.load(Bootstrap.java:302)
		at org.apache.catalina.startup.Bootstrap.main(Bootstrap.java:475)
	Caused by: java.net.BindException: Address already in use
		at java.base/sun.nio.ch.Net.bind0(Native Method)
		at java.base/sun.nio.ch.Net.bind(Net.java:555)
		at java.base/sun.nio.ch.ServerSocketChannelImpl.netBind(ServerSocketChannelImpl.java:337)
		at java.base/sun.nio.ch.ServerSocketChannelImpl.bind(ServerSocketChannelImpl.java:294)
		at org.apache.tomcat.util.net.NioEndpoint.initServerSocket(NioEndpoint.java:266)
		at org.apache.tomcat.util.net.NioEndpoint.bind(NioEndpoint.java:221)
		at org.apache.tomcat.util.net.AbstractEndpoint.bindWithCleanup(AbstractEndpoint.java:1399)
		at org.apache.tomcat.util.net.AbstractEndpoint.init(AbstractEndpoint.java:1412)
		at org.apache.coyote.AbstractProtocol.init(AbstractProtocol.java:633)
		at org.apache.coyote.http11.AbstractHttp11Protocol.init(AbstractHttp11Protocol.java:82)
		at org.apache.catalina.connector.Connector.initInternal(Connector.java:1073)
		... 13 more
16-Sep-2025 16:29:19.254 INFO [main] org.apache.catalina.startup.Catalina.load Server initialization in [1443] milliseconds
16-Sep-2025 16:29:19.336 INFO [main] org.apache.catalina.core.StandardService.startInternal Starting service [Catalina]
16-Sep-2025 16:29:19.338 INFO [main] org.apache.catalina.core.StandardEngine.startInternal Starting Servlet engine: [Apache Tomcat/10.1.44]
16-Sep-2025 16:29:19.359 INFO [main] org.apache.catalina.startup.HostConfig.deployDirectory Deploying web application directory [/home/dell/Desktop/apache-tomcat-10.1.44/webapps/docs]
16-Sep-2025 16:29:20.087 INFO [main] org.apache.catalina.startup.HostConfig.deployDirectory Deployment of web application directory [/home/dell/Desktop/apache-tomcat-10.1.44/webapps/docs] has finished in [726] ms
16-Sep-2025 16:29:20.087 INFO [main] org.apache.catalina.startup.HostConfig.deployDirectory Deploying web application directory [/home/dell/Desktop/apache-tomcat-10.1.44/webapps/host-manager]
16-Sep-2025 16:29:20.178 INFO [main] org.apache.catalina.startup.HostConfig.deployDirectory Deployment of web application directory [/home/dell/Desktop/apache-tomcat-10.1.44/webapps/host-manager] has finished in [90] ms
16-Sep-2025 16:29:20.179 INFO [main] org.apache.catalina.startup.HostConfig.deployDirectory Deploying web application directory [/home/dell/Desktop/apache-tomcat-10.1.44/webapps/manager]
16-Sep-2025 16:29:20.249 INFO [main] org.apache.catalina.startup.HostConfig.deployDirectory Deployment of web application directory [/home/dell/Desktop/apache-tomcat-10.1.44/webapps/manager] has finished in [69] ms
16-Sep-2025 16:29:20.249 INFO [main] org.apache.catalina.startup.HostConfig.deployDirectory Deploying web application directory [/home/dell/Desktop/apache-tomcat-10.1.44/webapps/fmt-demo]
16-Sep-2025 16:29:21.194 INFO [main] org.apache.jasper.servlet.TldScanner.scanJars At least one JAR was scanned for TLDs yet contained no TLDs. Enable debug logging for this logger for a complete list of JARs that were scanned but no TLDs were found in them. Skipping unneeded JARs during scanning can improve startup time and JSP compilation time.
16-Sep-2025 16:29:21.241 INFO [main] org.apache.catalina.startup.HostConfig.deployDirectory Deployment of web application directory [/home/dell/Desktop/apache-tomcat-10.1.44/webapps/fmt-demo] has finished in [991] ms
16-Sep-2025 16:29:21.242 INFO [main] org.apache.catalina.startup.HostConfig.deployDirectory Deploying web application directory [/home/dell/Desktop/apache-tomcat-10.1.44/webapps/my-app]
16-Sep-2025 16:29:21.300 INFO [main] org.apache.catalina.startup.HostConfig.deployDirectory Deployment of web application directory [/home/dell/Desktop/apache-tomcat-10.1.44/webapps/my-app] has finished in [57] ms
16-Sep-2025 16:29:21.300 INFO [main] org.apache.catalina.startup.HostConfig.deployDirectory Deploying web application directory [/home/dell/Desktop/apache-tomcat-10.1.44/webapps/ROOT]
16-Sep-2025 16:29:21.348 INFO [main] org.apache.catalina.startup.HostConfig.deployDirectory Deployment of web application directory [/home/dell/Desktop/apache-tomcat-10.1.44/webapps/ROOT] has finished in [47] ms
16-Sep-2025 16:29:21.349 INFO [main] org.apache.catalina.startup.HostConfig.deployDirectory Deploying web application directory [/home/dell/Desktop/apache-tomcat-10.1.44/webapps/examples]
16-Sep-2025 16:29:21.742 INFO [main] org.apache.catalina.startup.HostConfig.deployDirectory Deployment of web application directory [/home/dell/Desktop/apache-tomcat-10.1.44/webapps/examples] has finished in [393] ms
16-Sep-2025 16:29:21.743 INFO [main] org.apache.catalina.startup.HostConfig.deployDirectory Deploying web application directory [/home/dell/Desktop/apache-tomcat-10.1.44/webapps/assets]
16-Sep-2025 16:29:21.777 INFO [main] org.apache.catalina.startup.HostConfig.deployDirectory Deployment of web application directory [/home/dell/Desktop/apache-tomcat-10.1.44/webapps/assets] has finished in [33] ms
16-Sep-2025 16:29:21.790 INFO [main] org.apache.catalina.startup.Catalina.start Server startup in [2535] milliseconds
16-Sep-2025 16:29:21.798 SEVERE [main] org.apache.catalina.core.StandardServer.await Failed to create server shutdown socket on address [localhost] and port [8005] (base port [8005] and offset [0])
	java.net.BindException: Address already in use
		at java.base/sun.nio.ch.Net.bind0(Native Method)
		at java.base/sun.nio.ch.Net.bind(Net.java:555)
		at java.base/sun.nio.ch.Net.bind(Net.java:544)
		at java.base/sun.nio.ch.NioSocketImpl.bind(NioSocketImpl.java:648)
		at java.base/java.net.ServerSocket.bind(ServerSocket.java:388)
		at java.base/java.net.ServerSocket.<init>(ServerSocket.java:274)
		at org.apache.catalina.core.StandardServer.await(StandardServer.java:533)
		at org.apache.catalina.startup.Catalina.await(Catalina.java:851)
		at org.apache.catalina.startup.Catalina.start(Catalina.java:799)
		at java.base/jdk.internal.reflect.NativeMethodAccessorImpl.invoke0(Native Method)
		at java.base/jdk.internal.reflect.NativeMethodAccessorImpl.invoke(NativeMethodAccessorImpl.java:77)
		at java.base/jdk.internal.reflect.DelegatingMethodAccessorImpl.invoke(DelegatingMethodAccessorImpl.java:43)
		at java.base/java.lang.reflect.Method.invoke(Method.java:568)
		at org.apache.catalina.startup.Bootstrap.start(Bootstrap.java:345)
		at org.apache.catalina.startup.Bootstrap.main(Bootstrap.java:476)
16-Sep-2025 16:29:21.799 INFO [main] org.apache.coyote.AbstractProtocol.pause Pausing ProtocolHandler ["http-nio-8080"]
16-Sep-2025 16:29:21.800 INFO [main] org.apache.catalina.core.StandardService.stopInternal Stopping service [Catalina]
16-Sep-2025 16:29:21.867 INFO [main] org.apache.coyote.AbstractProtocol.stop Stopping ProtocolHandler ["http-nio-8080"]
16-Sep-2025 16:29:21.872 INFO [main] org.apache.coyote.AbstractProtocol.destroy Destroying ProtocolHandler ["http-nio-8080"]
16-Sep-2025 16:29:23.125 INFO [main] org.apache.catalina.startup.VersionLoggerListener.log Server version name:   Apache Tomcat/10.1.44
16-Sep-2025 16:29:23.135 INFO [main] org.apache.catalina.startup.VersionLoggerListener.log Server built:          Aug 4 2025 13:14:17 UTC
16-Sep-2025 16:29:23.136 INFO [main] org.apache.catalina.startup.VersionLoggerListener.log Server version number: 10.1.44.0
16-Sep-2025 16:29:23.137 INFO [main] org.apache.catalina.startup.VersionLoggerListener.log OS Name:               Linux
16-Sep-2025 16:29:23.139 INFO [main] org.apache.catalina.startup.VersionLoggerListener.log OS Version:            6.8.0-79-generic
16-Sep-2025 16:29:23.139 INFO [main] org.apache.catalina.startup.VersionLoggerListener.log Architecture:          amd64
16-Sep-2025 16:29:23.140 INFO [main] org.apache.catalina.startup.VersionLoggerListener.log Java Home:             /home/dell/Aigital/sapmachine-jdk-17.0.11_linux-x64_bin/sapmachine-jdk-17.0.11
16-Sep-2025 16:29:23.140 INFO [main] org.apache.catalina.startup.VersionLoggerListener.log JVM Version:           17.0.11+9-LTS
16-Sep-2025 16:29:23.141 INFO [main] org.apache.catalina.startup.VersionLoggerListener.log JVM Vendor:            SAP SE
16-Sep-2025 16:29:23.142 INFO [main] org.apache.catalina.startup.VersionLoggerListener.log CATALINA_BASE:         /home/dell/Desktop/apache-tomcat-10.1.44
16-Sep-2025 16:29:23.143 INFO [main] org.apache.catalina.startup.VersionLoggerListener.log CATALINA_HOME:         /home/dell/Desktop/apache-tomcat-10.1.44
16-Sep-2025 16:29:23.168 INFO [main] org.apache.catalina.startup.VersionLoggerListener.log Command line argument: -Djava.util.logging.config.file=/home/dell/Desktop/apache-tomcat-10.1.44/conf/logging.properties
16-Sep-2025 16:29:23.168 INFO [main] org.apache.catalina.startup.VersionLoggerListener.log Command line argument: -Djava.util.logging.manager=org.apache.juli.ClassLoaderLogManager
16-Sep-2025 16:29:23.175 INFO [main] org.apache.catalina.startup.VersionLoggerListener.log Command line argument: -Djdk.tls.ephemeralDHKeySize=2048
16-Sep-2025 16:29:23.175 INFO [main] org.apache.catalina.startup.VersionLoggerListener.log Command line argument: -Djava.protocol.handler.pkgs=org.apache.catalina.webresources
16-Sep-2025 16:29:23.176 INFO [main] org.apache.catalina.startup.VersionLoggerListener.log Command line argument: -Dsun.io.useCanonCaches=false
16-Sep-2025 16:29:23.176 INFO [main] org.apache.catalina.startup.VersionLoggerListener.log Command line argument: -Dorg.apache.catalina.security.SecurityListener.UMASK=0027
16-Sep-2025 16:29:23.176 INFO [main] org.apache.catalina.startup.VersionLoggerListener.log Command line argument: --add-opens=java.base/java.lang=ALL-UNNAMED
16-Sep-2025 16:29:23.177 INFO [main] org.apache.catalina.startup.VersionLoggerListener.log Command line argument: --add-opens=java.base/java.lang.reflect=ALL-UNNAMED
16-Sep-2025 16:29:23.177 INFO [main] org.apache.catalina.startup.VersionLoggerListener.log Command line argument: --add-opens=java.base/java.io=ALL-UNNAMED
16-Sep-2025 16:29:23.182 INFO [main] org.apache.catalina.startup.VersionLoggerListener.log Command line argument: --add-opens=java.base/java.util=ALL-UNNAMED
16-Sep-2025 16:29:23.183 INFO [main] org.apache.catalina.startup.VersionLoggerListener.log Command line argument: --add-opens=java.base/java.util.concurrent=ALL-UNNAMED
16-Sep-2025 16:29:23.184 INFO [main] org.apache.catalina.startup.VersionLoggerListener.log Command line argument: --add-opens=java.rmi/sun.rmi.transport=ALL-UNNAMED
16-Sep-2025 16:29:23.184 INFO [main] org.apache.catalina.startup.VersionLoggerListener.log Command line argument: -Dcatalina.base=/home/dell/Desktop/apache-tomcat-10.1.44
16-Sep-2025 16:29:23.184 INFO [main] org.apache.catalina.startup.VersionLoggerListener.log Command line argument: -Dcatalina.home=/home/dell/Desktop/apache-tomcat-10.1.44
16-Sep-2025 16:29:23.185 INFO [main] org.apache.catalina.startup.VersionLoggerListener.log Command line argument: -Djava.io.tmpdir=/home/dell/Desktop/apache-tomcat-10.1.44/temp
16-Sep-2025 16:29:23.193 INFO [main] org.apache.catalina.core.AprLifecycleListener.lifecycleEvent The Apache Tomcat Native library which allows using OpenSSL was not found on the java.library.path: [/usr/java/packages/lib:/usr/lib64:/lib64:/lib:/usr/lib]
16-Sep-2025 16:29:24.152 INFO [main] org.apache.coyote.AbstractProtocol.init Initializing ProtocolHandler ["http-nio-8080"]
16-Sep-2025 16:29:24.197 SEVERE [main] org.apache.catalina.util.LifecycleBase.handleSubClassException Failed to initialize component [Connector["http-nio-8080"]]
	org.apache.catalina.LifecycleException: Protocol handler initialization failed
		at org.apache.catalina.connector.Connector.initInternal(Connector.java:1075)
		at org.apache.catalina.util.LifecycleBase.init(LifecycleBase.java:122)
		at org.apache.catalina.core.StandardService.initInternal(StandardService.java:522)
		at org.apache.catalina.util.LifecycleBase.init(LifecycleBase.java:122)
		at org.apache.catalina.core.StandardServer.initInternal(StandardServer.java:957)
		at org.apache.catalina.util.LifecycleBase.init(LifecycleBase.java:122)
		at org.apache.catalina.startup.Catalina.load(Catalina.java:712)
		at org.apache.catalina.startup.Catalina.load(Catalina.java:735)
		at java.base/jdk.internal.reflect.NativeMethodAccessorImpl.invoke0(Native Method)
		at java.base/jdk.internal.reflect.NativeMethodAccessorImpl.invoke(NativeMethodAccessorImpl.java:77)
		at java.base/jdk.internal.reflect.DelegatingMethodAccessorImpl.invoke(DelegatingMethodAccessorImpl.java:43)
		at java.base/java.lang.reflect.Method.invoke(Method.java:568)
		at org.apache.catalina.startup.Bootstrap.load(Bootstrap.java:302)
		at org.apache.catalina.startup.Bootstrap.main(Bootstrap.java:475)
	Caused by: java.net.BindException: Address already in use
		at java.base/sun.nio.ch.Net.bind0(Native Method)
		at java.base/sun.nio.ch.Net.bind(Net.java:555)
		at java.base/sun.nio.ch.ServerSocketChannelImpl.netBind(ServerSocketChannelImpl.java:337)
		at java.base/sun.nio.ch.ServerSocketChannelImpl.bind(ServerSocketChannelImpl.java:294)
		at org.apache.tomcat.util.net.NioEndpoint.initServerSocket(NioEndpoint.java:266)
		at org.apache.tomcat.util.net.NioEndpoint.bind(NioEndpoint.java:221)
		at org.apache.tomcat.util.net.AbstractEndpoint.bindWithCleanup(AbstractEndpoint.java:1399)
		at org.apache.tomcat.util.net.AbstractEndpoint.init(AbstractEndpoint.java:1412)
		at org.apache.coyote.AbstractProtocol.init(AbstractProtocol.java:633)
		at org.apache.coyote.http11.AbstractHttp11Protocol.init(AbstractHttp11Protocol.java:82)
		at org.apache.catalina.connector.Connector.initInternal(Connector.java:1073)
		... 13 more
16-Sep-2025 16:29:24.200 INFO [main] org.apache.catalina.startup.Catalina.load Server initialization in [1515] milliseconds
16-Sep-2025 16:29:24.315 INFO [main] org.apache.catalina.core.StandardService.startInternal Starting service [Catalina]
16-Sep-2025 16:29:24.317 INFO [main] org.apache.catalina.core.StandardEngine.startInternal Starting Servlet engine: [Apache Tomcat/10.1.44]
16-Sep-2025 16:29:24.356 INFO [main] org.apache.catalina.startup.HostConfig.deployDirectory Deploying web application directory [/home/dell/Desktop/apache-tomcat-10.1.44/webapps/docs]
16-Sep-2025 16:29:25.212 INFO [main] org.apache.catalina.startup.HostConfig.deployDirectory Deployment of web application directory [/home/dell/Desktop/apache-tomcat-10.1.44/webapps/docs] has finished in [853] ms
16-Sep-2025 16:29:25.213 INFO [main] org.apache.catalina.startup.HostConfig.deployDirectory Deploying web application directory [/home/dell/Desktop/apache-tomcat-10.1.44/webapps/host-manager]
16-Sep-2025 16:29:25.305 INFO [main] org.apache.catalina.startup.HostConfig.deployDirectory Deployment of web application directory [/home/dell/Desktop/apache-tomcat-10.1.44/webapps/host-manager] has finished in [91] ms
16-Sep-2025 16:29:25.305 INFO [main] org.apache.catalina.startup.HostConfig.deployDirectory Deploying web application directory [/home/dell/Desktop/apache-tomcat-10.1.44/webapps/manager]
16-Sep-2025 16:29:25.371 INFO [main] org.apache.catalina.startup.HostConfig.deployDirectory Deployment of web application directory [/home/dell/Desktop/apache-tomcat-10.1.44/webapps/manager] has finished in [65] ms
16-Sep-2025 16:29:25.372 INFO [main] org.apache.catalina.startup.HostConfig.deployDirectory Deploying web application directory [/home/dell/Desktop/apache-tomcat-10.1.44/webapps/fmt-demo]
16-Sep-2025 16:29:27.492 INFO [main] org.apache.jasper.servlet.TldScanner.scanJars At least one JAR was scanned for TLDs yet contained no TLDs. Enable debug logging for this logger for a complete list of JARs that were scanned but no TLDs were found in them. Skipping unneeded JARs during scanning can improve startup time and JSP compilation time.
16-Sep-2025 16:29:27.622 INFO [main] org.apache.catalina.startup.HostConfig.deployDirectory Deployment of web application directory [/home/dell/Desktop/apache-tomcat-10.1.44/webapps/fmt-demo] has finished in [2,249] ms
16-Sep-2025 16:29:27.623 INFO [main] org.apache.catalina.startup.HostConfig.deployDirectory Deploying web application directory [/home/dell/Desktop/apache-tomcat-10.1.44/webapps/my-app]
16-Sep-2025 16:29:27.679 INFO [main] org.apache.catalina.startup.HostConfig.deployDirectory Deployment of web application directory [/home/dell/Desktop/apache-tomcat-10.1.44/webapps/my-app] has finished in [55] ms
16-Sep-2025 16:29:27.680 INFO [main] org.apache.catalina.startup.HostConfig.deployDirectory Deploying web application directory [/home/dell/Desktop/apache-tomcat-10.1.44/webapps/ROOT]
16-Sep-2025 16:29:27.731 INFO [main] org.apache.catalina.startup.HostConfig.deployDirectory Deployment of web application directory [/home/dell/Desktop/apache-tomcat-10.1.44/webapps/ROOT] has finished in [51] ms
16-Sep-2025 16:29:27.732 INFO [main] org.apache.catalina.startup.HostConfig.deployDirectory Deploying web application directory [/home/dell/Desktop/apache-tomcat-10.1.44/webapps/examples]
16-Sep-2025 16:29:28.314 INFO [main] org.apache.catalina.startup.HostConfig.deployDirectory Deployment of web application directory [/home/dell/Desktop/apache-tomcat-10.1.44/webapps/examples] has finished in [582] ms
16-Sep-2025 16:29:28.315 INFO [main] org.apache.catalina.startup.HostConfig.deployDirectory Deploying web application directory [/home/dell/Desktop/apache-tomcat-10.1.44/webapps/assets]
16-Sep-2025 16:29:28.359 INFO [main] org.apache.catalina.startup.HostConfig.deployDirectory Deployment of web application directory [/home/dell/Desktop/apache-tomcat-10.1.44/webapps/assets] has finished in [43] ms
16-Sep-2025 16:29:28.380 INFO [main] org.apache.catalina.startup.Catalina.start Server startup in [4179] milliseconds
16-Sep-2025 16:29:28.406 SEVERE [main] org.apache.catalina.core.StandardServer.await Failed to create server shutdown socket on address [localhost] and port [8005] (base port [8005] and offset [0])
	java.net.BindException: Address already in use
		at java.base/sun.nio.ch.Net.bind0(Native Method)
		at java.base/sun.nio.ch.Net.bind(Net.java:555)
		at java.base/sun.nio.ch.Net.bind(Net.java:544)
		at java.base/sun.nio.ch.NioSocketImpl.bind(NioSocketImpl.java:648)
		at java.base/java.net.ServerSocket.bind(ServerSocket.java:388)
		at java.base/java.net.ServerSocket.<init>(ServerSocket.java:274)
		at org.apache.catalina.core.StandardServer.await(StandardServer.java:533)
		at org.apache.catalina.startup.Catalina.await(Catalina.java:851)
		at org.apache.catalina.startup.Catalina.start(Catalina.java:799)
		at java.base/jdk.internal.reflect.NativeMethodAccessorImpl.invoke0(Native Method)
		at java.base/jdk.internal.reflect.NativeMethodAccessorImpl.invoke(NativeMethodAccessorImpl.java:77)
		at java.base/jdk.internal.reflect.DelegatingMethodAccessorImpl.invoke(DelegatingMethodAccessorImpl.java:43)
		at java.base/java.lang.reflect.Method.invoke(Method.java:568)
		at org.apache.catalina.startup.Bootstrap.start(Bootstrap.java:345)
		at org.apache.catalina.startup.Bootstrap.main(Bootstrap.java:476)
16-Sep-2025 16:29:28.410 INFO [main] org.apache.coyote.AbstractProtocol.pause Pausing ProtocolHandler ["http-nio-8080"]
16-Sep-2025 16:29:28.411 INFO [main] org.apache.catalina.core.StandardService.stopInternal Stopping service [Catalina]
16-Sep-2025 16:29:28.516 INFO [main] org.apache.coyote.AbstractProtocol.stop Stopping ProtocolHandler ["http-nio-8080"]
16-Sep-2025 16:29:28.526 INFO [main] org.apache.coyote.AbstractProtocol.destroy Destroying ProtocolHandler ["http-nio-8080"]
