15-Sep-2025 10:32:23.413 INFO [main] org.apache.catalina.core.ApplicationContext.log ContextListener: contextInitialized()
15-Sep-2025 10:32:23.414 INFO [main] org.apache.catalina.core.ApplicationContext.log SessionListener: contextInitialized()
15-Sep-2025 10:32:23.420 INFO [main] org.apache.catalina.core.ApplicationContext.log ContextListener: attributeAdded('StockTicker', 'async.Stockticker@19962194')
15-Sep-2025 10:32:23.535 INFO [main] org.apache.catalina.core.ApplicationContext.log SessionListener: contextDestroyed()
15-Sep-2025 10:32:23.535 INFO [main] org.apache.catalina.core.ApplicationContext.log ContextListener: contextDestroyed()
15-Sep-2025 10:55:29.418 INFO [main] org.apache.catalina.core.ApplicationContext.log ContextListener: contextInitialized()
15-Sep-2025 10:55:29.418 INFO [main] org.apache.catalina.core.ApplicationContext.log SessionListener: contextInitialized()
15-Sep-2025 10:55:29.422 INFO [main] org.apache.catalina.core.ApplicationContext.log ContextListener: attributeAdded('StockTicker', 'async.Stockticker@19962194')
15-Sep-2025 10:55:29.545 INFO [main] org.apache.catalina.core.ApplicationContext.log SessionListener: contextDestroyed()
15-Sep-2025 10:55:29.545 INFO [main] org.apache.catalina.core.ApplicationContext.log ContextListener: contextDestroyed()
15-Sep-2025 12:07:59.745 INFO [main] org.apache.catalina.core.ApplicationContext.log ContextListener: contextInitialized()
15-Sep-2025 12:07:59.746 INFO [main] org.apache.catalina.core.ApplicationContext.log SessionListener: contextInitialized()
15-Sep-2025 12:07:59.752 INFO [main] org.apache.catalina.core.ApplicationContext.log ContextListener: attributeAdded('StockTicker', 'async.Stockticker@3dd818e8')
15-Sep-2025 12:07:59.957 INFO [main] org.apache.catalina.core.ApplicationContext.log SessionListener: contextDestroyed()
15-Sep-2025 12:07:59.957 INFO [main] org.apache.catalina.core.ApplicationContext.log ContextListener: contextDestroyed()
15-Sep-2025 12:23:24.703 INFO [main] org.apache.catalina.core.ApplicationContext.log ContextListener: contextInitialized()
15-Sep-2025 12:23:24.704 INFO [main] org.apache.catalina.core.ApplicationContext.log SessionListener: contextInitialized()
15-Sep-2025 12:23:24.707 INFO [main] org.apache.catalina.core.ApplicationContext.log ContextListener: attributeAdded('StockTicker', 'async.Stockticker@7c1e32c9')
15-Sep-2025 12:23:24.802 INFO [main] org.apache.catalina.core.ApplicationContext.log SessionListener: contextDestroyed()
15-Sep-2025 12:23:24.803 INFO [main] org.apache.catalina.core.ApplicationContext.log ContextListener: contextDestroyed()
